    WARNING: The character ₢ (U+20a2) exists in the entry for VK_C, ShiftState 'Ctl+Alt' of the layout table and is not in the default system code page (1252) of the Portuguese (Brazil) language you specified. This may cause compatibility problems in non-Unicode applications.
    WARNING: / (U+002f) is already defined more than once on the keyboard (on VK_ABNT_C1, ShiftState 'Base' and VK_Q, ShiftState 'Ctl+Alt').
    WARNING: ? (U+003f) is already defined more than once on the keyboard (on VK_ABNT_C1, ShiftState 'Shift' and VK_W, ShiftState 'Ctl+Alt').
    WARNING: ° (U+00b0) is already defined more than once on the keyboard (on VK_ABNT_C1, ShiftState 'Ctl+Alt' and VK_E, ShiftState 'Ctl+Alt').
    WARNING: . (U+002e) is already defined more than once on the keyboard (on VK_ABNT_C2, ShiftState 'Base' and VK_OEM_PERIOD, ShiftState 'Base').
    WARNING: . (U+002e) is already defined more than once on the keyboard (on VK_ABNT_C2, ShiftState 'Shift' and VK_OEM_PERIOD, ShiftState 'Base').
    WARNING: '\' defined on OEM_102 (Base) but not defined elsewhere. This key may not be present on all keyboards.
    WARNING: '|' defined on OEM_102 (Shift) but not defined elsewhere. This key may not be present on all keyboards.
    WARNING: The dead key ^ (U+005e) when combined with c (U+0063) returns ĉ (U+0109), but ĉ (U+0109) is not on the default system code page (1252) of the Portuguese (Brazil) language you specified. This may cause compatibility problems in non-Unicode applications.
    WARNING: The dead key ^ (U+005e) when combined with C (U+0043) returns Ĉ (U+0108), but Ĉ (U+0108) is not on the default system code page (1252) of the Portuguese (Brazil) language you specified. This may cause compatibility problems in non-Unicode applications.
    WARNING: The dead key ^ (U+005e) when combined with g (U+0067) returns ĝ (U+011d), but ĝ (U+011d) is not on the default system code page (1252) of the Portuguese (Brazil) language you specified. This may cause compatibility problems in non-Unicode applications.
    WARNING: The dead key ^ (U+005e) when combined with G (U+0047) returns Ĝ (U+011c), but Ĝ (U+011c) is not on the default system code page (1252) of the Portuguese (Brazil) language you specified. This may cause compatibility problems in non-Unicode applications.
    WARNING: The dead key ^ (U+005e) when combined with h (U+0068) returns ĥ (U+0125), but ĥ (U+0125) is not on the default system code page (1252) of the Portuguese (Brazil) language you specified. This may cause compatibility problems in non-Unicode applications.
    WARNING: The dead key ^ (U+005e) when combined with H (U+0048) returns Ĥ (U+0124), but Ĥ (U+0124) is not on the default system code page (1252) of the Portuguese (Brazil) language you specified. This may cause compatibility problems in non-Unicode applications.
    WARNING: The dead key ^ (U+005e) when combined with j (U+006a) returns ĵ (U+0135), but ĵ (U+0135) is not on the default system code page (1252) of the Portuguese (Brazil) language you specified. This may cause compatibility problems in non-Unicode applications.
    WARNING: The dead key ^ (U+005e) when combined with J (U+004a) returns Ĵ (U+0134), but Ĵ (U+0134) is not on the default system code page (1252) of the Portuguese (Brazil) language you specified. This may cause compatibility problems in non-Unicode applications.
    WARNING: The dead key ^ (U+005e) when combined with s (U+0073) returns ŝ (U+015d), but ŝ (U+015d) is not on the default system code page (1252) of the Portuguese (Brazil) language you specified. This may cause compatibility problems in non-Unicode applications.
    WARNING: The dead key ^ (U+005e) when combined with S (U+0053) returns Ŝ (U+015c), but Ŝ (U+015c) is not on the default system code page (1252) of the Portuguese (Brazil) language you specified. This may cause compatibility problems in non-Unicode applications.
    WARNING: The dead key ^ (U+005e) when combined with u (U+0075) returns ŭ (U+016d), but ŭ (U+016d) is not on the default system code page (1252) of the Portuguese (Brazil) language you specified. This may cause compatibility problems in non-Unicode applications.
    WARNING: The dead key ^ (U+005e) when combined with U (U+0055) returns Ŭ (U+016c), but Ŭ (U+016c) is not on the default system code page (1252) of the Portuguese (Brazil) language you specified. This may cause compatibility problems in non-Unicode applications.
